<?xml version="1.0" encoding="UTF-8"?>
<!-- Generated by org.testng.reporters.JUnitReportReporter -->
<testsuite hostname="Idasundari" failures="0" tests="3" name="task.qatesting.october.ida.SwagLabsTest" time="38.194" errors="0" timestamp="24 Nov 2022 05:20:11 GMT" skipped="0">
  <testcase classname="task.qatesting.october.ida.SwagLabsTest" name="testwrongusername" time="12.915"/>
  <testcase classname="task.qatesting.october.ida.SwagLabsTest" name="testlogin" time="19.138"/>
  <testcase classname="task.qatesting.october.ida.SwagLabsTest" name="testwrongpassword" time="6.141"/>
</testsuite> <!-- task.qatesting.october.ida.SwagLabsTest -->
