<?xml version="1.0" encoding="UTF-8"?>
<!-- Generated by org.testng.reporters.JUnitReportReporter -->
<testsuite hostname="Idasundari" failures="0" tests="4" name="task.qatesting.october.ida.SwagLabsAfterPOM" time="9.544" errors="0" timestamp="05 Dec 2022 05:09:01 GMT" skipped="0">
  <testcase classname="task.qatesting.october.ida.SwagLabsAfterPOM" name="selectproduct" time="2.588"/>
  <testcase classname="task.qatesting.october.ida.SwagLabsAfterPOM" name="testwrongusername" time="1.980"/>
  <testcase classname="task.qatesting.october.ida.SwagLabsAfterPOM" name="testwrongpassword" time="1.913"/>
  <testcase classname="task.qatesting.october.ida.SwagLabsAfterPOM" name="testlogin" time="3.063"/>
</testsuite> <!-- task.qatesting.october.ida.SwagLabsAfterPOM -->
