<?xml version="1.0" encoding="UTF-8"?>
<!-- Generated by org.testng.reporters.JUnitReportReporter -->
<testsuite hostname="Idasundari" failures="0" tests="1" name="task.qatesting.october.ida.yopmailtest" time="10.483" errors="0" timestamp="05 Dec 2022 05:23:11 GMT" skipped="0">
  <testcase classname="task.qatesting.october.ida.yopmailtest" name="inputemail" time="10.483"/>
</testsuite> <!-- task.qatesting.october.ida.yopmailtest -->
