<?xml version="1.0" encoding="UTF-8"?>
<!-- Generated by org.testng.reporters.JUnitReportReporter -->
<testsuite hostname="Idasundari" failures="0" tests="4" name="task.qatesting.october.ida.apitestsignup" time="4.444" errors="0" timestamp="07 Dec 2022 22:30:18 GMT" skipped="0">
  <testcase classname="task.qatesting.october.ida.apitestsignup" name="SignupAPI" time="4.106"/>
  <testcase classname="task.qatesting.october.ida.apitestsignup" name="email" time="0.274"/>
  <testcase classname="task.qatesting.october.ida.apitestsignup" name="phonenumber" time="0.008"/>
  <testcase classname="task.qatesting.october.ida.apitestsignup" name="name" time="0.056"/>
</testsuite> <!-- task.qatesting.october.ida.apitestsignup -->
